# JRE version: OpenJDK Runtime Environment Temurin-17.0.11+9 (17.0.11+9) (build 17.0.11+9)
# Java VM: OpenJDK 64-Bit Server VM Temurin-17.0.11+9 (17.0.11+9, mixed mode, tiered, compressed oops, compressed class ptrs, parallel gc, windows-amd64)
GC Precious Log:
 CPUs: 4 total, 4 available
 Memory: 8080M
 Large Page Support: Disabled
 NUMA Support: Disabled
 Compressed Oops: Enabled (32-bit)
 Alignments: Space 512K, Generation 512K, Heap 2M
 Heap Min Capacity: 100M
 Heap Initial Capacity: 100M
 Heap Max Capacity: 1G
 Pre-touch: Disabled
 Parallel Workers: 4
Heap:
 PSYoungGen      total 3584K, used 3184K [0x00000000eab00000, 0x00000000eb100000, 0x0000000100000000)
  eden space 3072K, 87% used [0x00000000eab00000,0x00000000eada0300,0x00000000eae00000)
  from space 512K, 96% used [0x00000000eb080000,0x00000000eb0fc030,0x00000000eb100000)
  to   space 1536K, 0% used [0x00000000eae00000,0x00000000eae00000,0x00000000eaf80000)
 ParOldGen       total 161792K, used 160302K [0x00000000c0000000, 0x00000000c9e00000, 0x00000000eab00000)
  object space 161792K, 99% used [0x00000000c0000000,0x00000000c9c8bbd0,0x00000000c9e00000)
 Metaspace       used 92476K, committed 93632K, reserved 1179648K
  class space    used 9044K, committed 9536K, reserved 1048576K
GC Heap History (20 events):
Event: 6980.114 GC heap before
{Heap before GC invocations=2775 (full 37):
 PSYoungGen      total 3584K, used 3284K [0x00000000eab00000, 0x00000000eb100000, 0x0000000100000000)
  eden space 3072K, 100% used [0x00000000eab00000,0x00000000eae00000,0x00000000eae00000)
  from space 512K, 41% used [0x00000000eb080000,0x00000000eb0b5090,0x00000000eb100000)
  to   space 512K, 0% used [0x00000000eb000000,0x00000000eb000000,0x00000000eb080000)
 ParOldGen       total 161792K, used 159032K [0x00000000c0000000, 0x00000000c9e00000, 0x00000000eab00000)
  object space 161792K, 98% used [0x00000000c0000000,0x00000000c9b4e070,0x00000000c9e00000)
 Metaspace       used 92473K, committed 93632K, reserved 1179648K
  class space    used 9044K, committed 9536K, reserved 1048576K
}
Event: 6980.116 GC heap after
{Heap after GC invocations=2775 (full 37):
 PSYoungGen      total 3584K, used 256K [0x00000000eab00000, 0x00000000eb100000, 0x0000000100000000)
  eden space 3072K, 0% used [0x00000000eab00000,0x00000000eab00000,0x00000000eae00000)
  from space 512K, 50% used [0x00000000eb000000,0x00000000eb040020,0x00000000eb080000)
  to   space 512K, 0% used [0x00000000eb080000,0x00000000eb080000,0x00000000eb100000)
 ParOldGen       total 161792K, used 159040K [0x00000000c0000000, 0x00000000c9e00000, 0x00000000eab00000)
  object space 161792K, 98% used [0x00000000c0000000,0x00000000c9b50070,0x00000000c9e00000)
 Metaspace       used 92473K, committed 93632K, reserved 1179648K
  class space    used 9044K, committed 9536K, reserved 1048576K
}
Event: 6980.743 GC heap before
{Heap before GC invocations=2776 (full 37):
 PSYoungGen      total 3584K, used 3314K [0x00000000eab00000, 0x00000000eb100000, 0x0000000100000000)
  eden space 3072K, 99% used [0x00000000eab00000,0x00000000eadfc850,0x00000000eae00000)
  from space 512K, 50% used [0x00000000eb000000,0x00000000eb040020,0x00000000eb080000)
  to   space 512K, 0% used [0x00000000eb080000,0x00000000eb080000,0x00000000eb100000)
 ParOldGen       total 161792K, used 159040K [0x00000000c0000000, 0x00000000c9e00000, 0x00000000eab00000)
  object space 161792K, 98% used [0x00000000c0000000,0x00000000c9b50070,0x00000000c9e00000)
 Metaspace       used 92473K, committed 93632K, reserved 1179648K
  class space    used 9044K, committed 9536K, reserved 1048576K
}
Event: 6980.745 GC heap after
{Heap after GC invocations=2776 (full 37):
 PSYoungGen      total 3584K, used 96K [0x00000000eab00000, 0x00000000eb100000, 0x0000000100000000)
  eden space 3072K, 0% used [0x00000000eab00000,0x00000000eab00000,0x00000000eae00000)
  from space 512K, 18% used [0x00000000eb080000,0x00000000eb098000,0x00000000eb100000)
  to   space 512K, 0% used [0x00000000eb000000,0x00000000eb000000,0x00000000eb080000)
 ParOldGen       total 161792K, used 159040K [0x00000000c0000000, 0x00000000c9e00000, 0x00000000eab00000)
  object space 161792K, 98% used [0x00000000c0000000,0x00000000c9b50070,0x00000000c9e00000)
 Metaspace       used 92473K, committed 93632K, reserved 1179648K
  class space    used 9044K, committed 9536K, reserved 1048576K
}
Event: 6982.870 GC heap before
{Heap before GC invocations=2777 (full 37):
 PSYoungGen      total 3584K, used 3168K [0x00000000eab00000, 0x00000000eb100000, 0x0000000100000000)
  eden space 3072K, 100% used [0x00000000eab00000,0x00000000eae00000,0x00000000eae00000)
  from space 512K, 18% used [0x00000000eb080000,0x00000000eb098000,0x00000000eb100000)
  to   space 512K, 0% used [0x00000000eb000000,0x00000000eb000000,0x00000000eb080000)
 ParOldGen       total 161792K, used 159040K [0x00000000c0000000, 0x00000000c9e00000, 0x00000000eab00000)
  object space 161792K, 98% used [0x00000000c0000000,0x00000000c9b50070,0x00000000c9e00000)
 Metaspace       used 92473K, committed 93632K, reserved 1179648K
  class space    used 9044K, committed 9536K, reserved 1048576K
}
Event: 6982.872 GC heap after
{Heap after GC invocations=2777 (full 37):
 PSYoungGen      total 3584K, used 404K [0x00000000eab00000, 0x00000000eb100000, 0x0000000100000000)
  eden space 3072K, 0% used [0x00000000eab00000,0x00000000eab00000,0x00000000eae00000)
  from space 512K, 78% used [0x00000000eb000000,0x00000000eb065090,0x00000000eb080000)
  to   space 512K, 0% used [0x00000000eb080000,0x00000000eb080000,0x00000000eb100000)
 ParOldGen       total 161792K, used 159040K [0x00000000c0000000, 0x00000000c9e00000, 0x00000000eab00000)
  object space 161792K, 98% used [0x00000000c0000000,0x00000000c9b50070,0x00000000c9e00000)
 Metaspace       used 92473K, committed 93632K, reserved 1179648K
  class space    used 9044K, committed 9536K, reserved 1048576K
}
Event: 6983.078 GC heap before
{Heap before GC invocations=2778 (full 37):
 PSYoungGen      total 3584K, used 3476K [0x00000000eab00000, 0x00000000eb100000, 0x0000000100000000)
  eden space 3072K, 100% used [0x00000000eab00000,0x00000000eae00000,0x00000000eae00000)
  from space 512K, 78% used [0x00000000eb000000,0x00000000eb065090,0x00000000eb080000)
  to   space 512K, 0% used [0x00000000eb080000,0x00000000eb080000,0x00000000eb100000)
 ParOldGen       total 161792K, used 159040K [0x00000000c0000000, 0x00000000c9e00000, 0x00000000eab00000)
  object space 161792K, 98% used [0x00000000c0000000,0x00000000c9b50070,0x00000000c9e00000)
 Metaspace       used 92474K, committed 93632K, reserved 1179648K
  class space    used 9044K, committed 9536K, reserved 1048576K
}
Event: 6983.080 GC heap after
{Heap after GC invocations=2778 (full 37):
 PSYoungGen      total 3584K, used 244K [0x00000000eab00000, 0x00000000eb100000, 0x0000000100000000)
  eden space 3072K, 0% used [0x00000000eab00000,0x00000000eab00000,0x00000000eae00000)
  from space 512K, 47% used [0x00000000eb080000,0x00000000eb0bd090,0x00000000eb100000)
  to   space 512K, 0% used [0x00000000eb000000,0x00000000eb000000,0x00000000eb080000)
 ParOldGen       total 161792K, used 159040K [0x00000000c0000000, 0x00000000c9e00000, 0x00000000eab00000)
  object space 161792K, 98% used [0x00000000c0000000,0x00000000c9b50070,0x00000000c9e00000)
 Metaspace       used 92474K, committed 93632K, reserved 1179648K
  class space    used 9044K, committed 9536K, reserved 1048576K
}
Event: 6983.382 GC heap before
{Heap before GC invocations=2779 (full 37):
 PSYoungGen      total 3584K, used 3316K [0x00000000eab00000, 0x00000000eb100000, 0x0000000100000000)
  eden space 3072K, 100% used [0x00000000eab00000,0x00000000eae00000,0x00000000eae00000)
  from space 512K, 47% used [0x00000000eb080000,0x00000000eb0bd090,0x00000000eb100000)
  to   space 512K, 0% used [0x00000000eb000000,0x00000000eb000000,0x00000000eb080000)
 ParOldGen       total 161792K, used 159040K [0x00000000c0000000, 0x00000000c9e00000, 0x00000000eab00000)
  object space 161792K, 98% used [0x00000000c0000000,0x00000000c9b50070,0x00000000c9e00000)
 Metaspace       used 92474K, committed 93632K, reserved 1179648K
  class space    used 9044K, committed 9536K, reserved 1048576K
}
Event: 6983.385 GC heap after
{Heap after GC invocations=2779 (full 37):
 PSYoungGen      total 3584K, used 224K [0x00000000eab00000, 0x00000000eb100000, 0x0000000100000000)
  eden space 3072K, 0% used [0x00000000eab00000,0x00000000eab00000,0x00000000eae00000)
  from space 512K, 43% used [0x00000000eb000000,0x00000000eb038020,0x00000000eb080000)
  to   space 512K, 0% used [0x00000000eb080000,0x00000000eb080000,0x00000000eb100000)
 ParOldGen       total 161792K, used 159040K [0x00000000c0000000, 0x00000000c9e00000, 0x00000000eab00000)
  object space 161792K, 98% used [0x00000000c0000000,0x00000000c9b50070,0x00000000c9e00000)
 Metaspace       used 92474K, committed 93632K, reserved 1179648K
  class space    used 9044K, committed 9536K, reserved 1048576K
}
Event: 6985.304 GC heap before
{Heap before GC invocations=2780 (full 37):
 PSYoungGen      total 3584K, used 3296K [0x00000000eab00000, 0x00000000eb100000, 0x0000000100000000)
  eden space 3072K, 100% used [0x00000000eab00000,0x00000000eae00000,0x00000000eae00000)
  from space 512K, 43% used [0x00000000eb000000,0x00000000eb038020,0x00000000eb080000)
  to   space 512K, 0% used [0x00000000eb080000,0x00000000eb080000,0x00000000eb100000)
 ParOldGen       total 161792K, used 159040K [0x00000000c0000000, 0x00000000c9e00000, 0x00000000eab00000)
  object space 161792K, 98% used [0x00000000c0000000,0x00000000c9b50070,0x00000000c9e00000)
 Metaspace       used 92476K, committed 93632K, reserved 1179648K
  class space    used 9044K, committed 9536K, reserved 1048576K
}
Event: 6985.306 GC heap after
{Heap after GC invocations=2780 (full 37):
 PSYoungGen      total 3584K, used 96K [0x00000000eab00000, 0x00000000eb100000, 0x0000000100000000)
  eden space 3072K, 0% used [0x00000000eab00000,0x00000000eab00000,0x00000000eae00000)
  from space 512K, 18% used [0x00000000eb080000,0x00000000eb098000,0x00000000eb100000)
  to   space 512K, 0% used [0x00000000eb000000,0x00000000eb000000,0x00000000eb080000)
 ParOldGen       total 161792K, used 159040K [0x00000000c0000000, 0x00000000c9e00000, 0x00000000eab00000)
  object space 161792K, 98% used [0x00000000c0000000,0x00000000c9b50070,0x00000000c9e00000)
 Metaspace       used 92476K, committed 93632K, reserved 1179648K
  class space    used 9044K, committed 9536K, reserved 1048576K
}
Event: 6991.721 GC heap before
{Heap before GC invocations=2781 (full 37):
 PSYoungGen      total 3584K, used 3168K [0x00000000eab00000, 0x00000000eb100000, 0x0000000100000000)
  eden space 3072K, 100% used [0x00000000eab00000,0x00000000eae00000,0x00000000eae00000)
  from space 512K, 18% used [0x00000000eb080000,0x00000000eb098000,0x00000000eb100000)
  to   space 512K, 0% used [0x00000000eb000000,0x00000000eb000000,0x00000000eb080000)
 ParOldGen       total 161792K, used 159040K [0x00000000c0000000, 0x00000000c9e00000, 0x00000000eab00000)
  object space 161792K, 98% used [0x00000000c0000000,0x00000000c9b50070,0x00000000c9e00000)
 Metaspace       used 92476K, committed 93632K, reserved 1179648K
  class space    used 9044K, committed 9536K, reserved 1048576K
}
Event: 6991.723 GC heap after
{Heap after GC invocations=2781 (full 37):
 PSYoungGen      total 3584K, used 500K [0x00000000eab00000, 0x00000000eb100000, 0x0000000100000000)
  eden space 3072K, 0% used [0x00000000eab00000,0x00000000eab00000,0x00000000eae00000)
  from space 512K, 97% used [0x00000000eb000000,0x00000000eb07d090,0x00000000eb080000)
  to   space 512K, 0% used [0x00000000eb080000,0x00000000eb080000,0x00000000eb100000)
 ParOldGen       total 161792K, used 159056K [0x00000000c0000000, 0x00000000c9e00000, 0x00000000eab00000)
  object space 161792K, 98% used [0x00000000c0000000,0x00000000c9b54070,0x00000000c9e00000)
 Metaspace       used 92476K, committed 93632K, reserved 1179648K
  class space    used 9044K, committed 9536K, reserved 1048576K
}
Event: 6991.991 GC heap before
{Heap before GC invocations=2782 (full 37):
 PSYoungGen      total 3584K, used 3572K [0x00000000eab00000, 0x00000000eb100000, 0x0000000100000000)
  eden space 3072K, 100% used [0x00000000eab00000,0x00000000eae00000,0x00000000eae00000)
  from space 512K, 97% used [0x00000000eb000000,0x00000000eb07d090,0x00000000eb080000)
  to   space 512K, 0% used [0x00000000eb080000,0x00000000eb080000,0x00000000eb100000)
 ParOldGen       total 161792K, used 159056K [0x00000000c0000000, 0x00000000c9e00000, 0x00000000eab00000)
  object space 161792K, 98% used [0x00000000c0000000,0x00000000c9b54070,0x00000000c9e00000)
 Metaspace       used 92476K, committed 93632K, reserved 1179648K
  class space    used 9044K, committed 9536K, reserved 1048576K
}
Event: 6991.996 GC heap after
{Heap after GC invocations=2782 (full 37):
 PSYoungGen      total 3584K, used 416K [0x00000000eab00000, 0x00000000eb100000, 0x0000000100000000)
  eden space 3072K, 0% used [0x00000000eab00000,0x00000000eab00000,0x00000000eae00000)
  from space 512K, 81% used [0x00000000eb080000,0x00000000eb0e8020,0x00000000eb100000)
  to   space 512K, 0% used [0x00000000eb000000,0x00000000eb000000,0x00000000eb080000)
 ParOldGen       total 161792K, used 159546K [0x00000000c0000000, 0x00000000c9e00000, 0x00000000eab00000)
  object space 161792K, 98% used [0x00000000c0000000,0x00000000c9bceb40,0x00000000c9e00000)
 Metaspace       used 92476K, committed 93632K, reserved 1179648K
  class space    used 9044K, committed 9536K, reserved 1048576K
}
Event: 6992.782 GC heap before
{Heap before GC invocations=2783 (full 37):
 PSYoungGen      total 3584K, used 3488K [0x00000000eab00000, 0x00000000eb100000, 0x0000000100000000)
  eden space 3072K, 100% used [0x00000000eab00000,0x00000000eae00000,0x00000000eae00000)
  from space 512K, 81% used [0x00000000eb080000,0x00000000eb0e8020,0x00000000eb100000)
  to   space 512K, 0% used [0x00000000eb000000,0x00000000eb000000,0x00000000eb080000)
 ParOldGen       total 161792K, used 159546K [0x00000000c0000000, 0x00000000c9e00000, 0x00000000eab00000)
  object space 161792K, 98% used [0x00000000c0000000,0x00000000c9bceb40,0x00000000c9e00000)
 Metaspace       used 92476K, committed 93632K, reserved 1179648K
  class space    used 9044K, committed 9536K, reserved 1048576K
}
Event: 6992.784 GC heap after
{Heap after GC invocations=2783 (full 37):
 PSYoungGen      total 3584K, used 288K [0x00000000eab00000, 0x00000000eb100000, 0x0000000100000000)
  eden space 3072K, 0% used [0x00000000eab00000,0x00000000eab00000,0x00000000eae00000)
  from space 512K, 56% used [0x00000000eb000000,0x00000000eb048020,0x00000000eb080000)
  to   space 512K, 0% used [0x00000000eb080000,0x00000000eb080000,0x00000000eb100000)
 ParOldGen       total 161792K, used 159710K [0x00000000c0000000, 0x00000000c9e00000, 0x00000000eab00000)
  object space 161792K, 98% used [0x00000000c0000000,0x00000000c9bf7bb0,0x00000000c9e00000)
 Metaspace       used 92476K, committed 93632K, reserved 1179648K
  class space    used 9044K, committed 9536K, reserved 1048576K
}
Event: 6995.694 GC heap before
{Heap before GC invocations=2784 (full 37):
 PSYoungGen      total 3584K, used 3360K [0x00000000eab00000, 0x00000000eb100000, 0x0000000100000000)
  eden space 3072K, 100% used [0x00000000eab00000,0x00000000eae00000,0x00000000eae00000)
  from space 512K, 56% used [0x00000000eb000000,0x00000000eb048020,0x00000000eb080000)
  to   space 512K, 0% used [0x00000000eb080000,0x00000000eb080000,0x00000000eb100000)
 ParOldGen       total 161792K, used 159710K [0x00000000c0000000, 0x00000000c9e00000, 0x00000000eab00000)
  object space 161792K, 98% used [0x00000000c0000000,0x00000000c9bf7bb0,0x00000000c9e00000)
 Metaspace       used 92476K, committed 93632K, reserved 1179648K
  class space    used 9044K, committed 9536K, reserved 1048576K
}
Event: 6995.696 GC heap after
{Heap after GC invocations=2784 (full 37):
 PSYoungGen      total 3584K, used 496K [0x00000000eab00000, 0x00000000eb100000, 0x0000000100000000)
  eden space 3072K, 0% used [0x00000000eab00000,0x00000000eab00000,0x00000000eae00000)
  from space 512K, 96% used [0x00000000eb080000,0x00000000eb0fc030,0x00000000eb100000)
  to   space 1536K, 0% used [0x00000000eae00000,0x00000000eae00000,0x00000000eaf80000)
 ParOldGen       total 161792K, used 160302K [0x00000000c0000000, 0x00000000c9e00000, 0x00000000eab00000)
  object space 161792K, 99% used [0x00000000c0000000,0x00000000c9c8bbd0,0x00000000c9e00000)
 Metaspace       used 92476K, committed 93632K, reserved 1179648K
  class space    used 9044K, committed 9536K, reserved 1048576K
}

