# JRE version: OpenJDK Runtime Environment Temurin-17.0.11+9 (17.0.11+9) (build 17.0.11+9)
# Java VM: OpenJDK 64-Bit Server VM Temurin-17.0.11+9 (17.0.11+9, mixed mode, tiered, compressed oops, compressed class ptrs, parallel gc, windows-amd64)
GC Precious Log:
 CPUs: 4 total, 4 available
 Memory: 8080M
 Large Page Support: Disabled
 NUMA Support: Disabled
 Compressed Oops: Enabled (32-bit)
 Alignments: Space 512K, Generation 512K, Heap 2M
 Heap Min Capacity: 100M
 Heap Initial Capacity: 100M
 Heap Max Capacity: 1G
 Pre-touch: Disabled
 Parallel Workers: 4
Heap:
 PSYoungGen      total 2560K, used 660K [0x00000000eab00000, 0x00000000eaf00000, 0x0000000100000000)
  eden space 2048K, 8% used [0x00000000eab00000,0x00000000eab2d280,0x00000000ead00000)
  from space 512K, 93% used [0x00000000eae00000,0x00000000eae78000,0x00000000eae80000)
  to   space 512K, 0% used [0x00000000eae80000,0x00000000eae80000,0x00000000eaf00000)
 ParOldGen       total 111104K, used 91053K [0x00000000c0000000, 0x00000000c6c80000, 0x00000000eab00000)
  object space 111104K, 81% used [0x00000000c0000000,0x00000000c58eb540,0x00000000c6c80000)
 Metaspace       used 96984K, committed 98304K, reserved 1179648K
  class space    used 9840K, committed 10432K, reserved 1048576K
GC Heap History (20 events):
Event: 14815.225 GC heap before
{Heap before GC invocations=4341 (full 92):
 PSYoungGen      total 3072K, used 2799K [0x00000000eab00000, 0x00000000eaf80000, 0x0000000100000000)
  eden space 2048K, 99% used [0x00000000eab00000,0x00000000eacffff8,0x00000000ead00000)
  from space 1024K, 73% used [0x00000000ead80000,0x00000000eae3c000,0x00000000eae80000)
  to   space 1024K, 0% used [0x00000000eae80000,0x00000000eae80000,0x00000000eaf80000)
 ParOldGen       total 111104K, used 90157K [0x00000000c0000000, 0x00000000c6c80000, 0x00000000eab00000)
  object space 111104K, 81% used [0x00000000c0000000,0x00000000c580b520,0x00000000c6c80000)
 Metaspace       used 96741K, committed 98112K, reserved 1179648K
  class space    used 9801K, committed 10432K, reserved 1048576K
}
Event: 14815.226 GC heap after
{Heap after GC invocations=4341 (full 92):
 PSYoungGen      total 2560K, used 96K [0x00000000eab00000, 0x00000000eaf00000, 0x0000000100000000)
  eden space 2048K, 0% used [0x00000000eab00000,0x00000000eab00000,0x00000000ead00000)
  from space 512K, 18% used [0x00000000eae80000,0x00000000eae98000,0x00000000eaf00000)
  to   space 512K, 0% used [0x00000000eae00000,0x00000000eae00000,0x00000000eae80000)
 ParOldGen       total 111104K, used 90877K [0x00000000c0000000, 0x00000000c6c80000, 0x00000000eab00000)
  object space 111104K, 81% used [0x00000000c0000000,0x00000000c58bf520,0x00000000c6c80000)
 Metaspace       used 96741K, committed 98112K, reserved 1179648K
  class space    used 9801K, committed 10432K, reserved 1048576K
}
Event: 94659.666 GC heap before
{Heap before GC invocations=4342 (full 92):
 PSYoungGen      total 2560K, used 2144K [0x00000000eab00000, 0x00000000eaf00000, 0x0000000100000000)
  eden space 2048K, 100% used [0x00000000eab00000,0x00000000ead00000,0x00000000ead00000)
  from space 512K, 18% used [0x00000000eae80000,0x00000000eae98000,0x00000000eaf00000)
  to   space 512K, 0% used [0x00000000eae00000,0x00000000eae00000,0x00000000eae80000)
 ParOldGen       total 111104K, used 90877K [0x00000000c0000000, 0x00000000c6c80000, 0x00000000eab00000)
  object space 111104K, 81% used [0x00000000c0000000,0x00000000c58bf520,0x00000000c6c80000)
 Metaspace       used 96741K, committed 98112K, reserved 1179648K
  class space    used 9801K, committed 10432K, reserved 1048576K
}
Event: 94659.668 GC heap after
{Heap after GC invocations=4342 (full 92):
 PSYoungGen      total 2560K, used 64K [0x00000000eab00000, 0x00000000eaf00000, 0x0000000100000000)
  eden space 2048K, 0% used [0x00000000eab00000,0x00000000eab00000,0x00000000ead00000)
  from space 512K, 12% used [0x00000000eae00000,0x00000000eae10000,0x00000000eae80000)
  to   space 512K, 0% used [0x00000000eae80000,0x00000000eae80000,0x00000000eaf00000)
 ParOldGen       total 111104K, used 90901K [0x00000000c0000000, 0x00000000c6c80000, 0x00000000eab00000)
  object space 111104K, 81% used [0x00000000c0000000,0x00000000c58c5520,0x00000000c6c80000)
 Metaspace       used 96741K, committed 98112K, reserved 1179648K
  class space    used 9801K, committed 10432K, reserved 1048576K
}
Event: 94659.684 GC heap before
{Heap before GC invocations=4343 (full 92):
 PSYoungGen      total 2560K, used 2112K [0x00000000eab00000, 0x00000000eaf00000, 0x0000000100000000)
  eden space 2048K, 100% used [0x00000000eab00000,0x00000000ead00000,0x00000000ead00000)
  from space 512K, 12% used [0x00000000eae00000,0x00000000eae10000,0x00000000eae80000)
  to   space 512K, 0% used [0x00000000eae80000,0x00000000eae80000,0x00000000eaf00000)
 ParOldGen       total 111104K, used 90901K [0x00000000c0000000, 0x00000000c6c80000, 0x00000000eab00000)
  object space 111104K, 81% used [0x00000000c0000000,0x00000000c58c5520,0x00000000c6c80000)
 Metaspace       used 96741K, committed 98112K, reserved 1179648K
  class space    used 9801K, committed 10432K, reserved 1048576K
}
Event: 94659.685 GC heap after
{Heap after GC invocations=4343 (full 92):
 PSYoungGen      total 2560K, used 32K [0x00000000eab00000, 0x00000000eaf00000, 0x0000000100000000)
  eden space 2048K, 0% used [0x00000000eab00000,0x00000000eab00000,0x00000000ead00000)
  from space 512K, 6% used [0x00000000eae80000,0x00000000eae88000,0x00000000eaf00000)
  to   space 512K, 0% used [0x00000000eae00000,0x00000000eae00000,0x00000000eae80000)
 ParOldGen       total 111104K, used 90917K [0x00000000c0000000, 0x00000000c6c80000, 0x00000000eab00000)
  object space 111104K, 81% used [0x00000000c0000000,0x00000000c58c9520,0x00000000c6c80000)
 Metaspace       used 96741K, committed 98112K, reserved 1179648K
  class space    used 9801K, committed 10432K, reserved 1048576K
}
Event: 94659.702 GC heap before
{Heap before GC invocations=4344 (full 92):
 PSYoungGen      total 2560K, used 2080K [0x00000000eab00000, 0x00000000eaf00000, 0x0000000100000000)
  eden space 2048K, 100% used [0x00000000eab00000,0x00000000ead00000,0x00000000ead00000)
  from space 512K, 6% used [0x00000000eae80000,0x00000000eae88000,0x00000000eaf00000)
  to   space 512K, 0% used [0x00000000eae00000,0x00000000eae00000,0x00000000eae80000)
 ParOldGen       total 111104K, used 90917K [0x00000000c0000000, 0x00000000c6c80000, 0x00000000eab00000)
  object space 111104K, 81% used [0x00000000c0000000,0x00000000c58c9520,0x00000000c6c80000)
 Metaspace       used 96741K, committed 98112K, reserved 1179648K
  class space    used 9801K, committed 10432K, reserved 1048576K
}
Event: 94659.703 GC heap after
{Heap after GC invocations=4344 (full 92):
 PSYoungGen      total 2560K, used 32K [0x00000000eab00000, 0x00000000eaf00000, 0x0000000100000000)
  eden space 2048K, 0% used [0x00000000eab00000,0x00000000eab00000,0x00000000ead00000)
  from space 512K, 6% used [0x00000000eae00000,0x00000000eae08000,0x00000000eae80000)
  to   space 512K, 0% used [0x00000000eae80000,0x00000000eae80000,0x00000000eaf00000)
 ParOldGen       total 111104K, used 90917K [0x00000000c0000000, 0x00000000c6c80000, 0x00000000eab00000)
  object space 111104K, 81% used [0x00000000c0000000,0x00000000c58c9520,0x00000000c6c80000)
 Metaspace       used 96741K, committed 98112K, reserved 1179648K
  class space    used 9801K, committed 10432K, reserved 1048576K
}
Event: 94659.713 GC heap before
{Heap before GC invocations=4345 (full 92):
 PSYoungGen      total 2560K, used 2080K [0x00000000eab00000, 0x00000000eaf00000, 0x0000000100000000)
  eden space 2048K, 100% used [0x00000000eab00000,0x00000000ead00000,0x00000000ead00000)
  from space 512K, 6% used [0x00000000eae00000,0x00000000eae08000,0x00000000eae80000)
  to   space 512K, 0% used [0x00000000eae80000,0x00000000eae80000,0x00000000eaf00000)
 ParOldGen       total 111104K, used 90917K [0x00000000c0000000, 0x00000000c6c80000, 0x00000000eab00000)
  object space 111104K, 81% used [0x00000000c0000000,0x00000000c58c9520,0x00000000c6c80000)
 Metaspace       used 96741K, committed 98112K, reserved 1179648K
  class space    used 9801K, committed 10432K, reserved 1048576K
}
Event: 94659.714 GC heap after
{Heap after GC invocations=4345 (full 92):
 PSYoungGen      total 2560K, used 32K [0x00000000eab00000, 0x00000000eaf00000, 0x0000000100000000)
  eden space 2048K, 0% used [0x00000000eab00000,0x00000000eab00000,0x00000000ead00000)
  from space 512K, 6% used [0x00000000eae80000,0x00000000eae88000,0x00000000eaf00000)
  to   space 512K, 0% used [0x00000000eae00000,0x00000000eae00000,0x00000000eae80000)
 ParOldGen       total 111104K, used 90917K [0x00000000c0000000, 0x00000000c6c80000, 0x00000000eab00000)
  object space 111104K, 81% used [0x00000000c0000000,0x00000000c58c9520,0x00000000c6c80000)
 Metaspace       used 96741K, committed 98112K, reserved 1179648K
  class space    used 9801K, committed 10432K, reserved 1048576K
}
Event: 94659.724 GC heap before
{Heap before GC invocations=4346 (full 92):
 PSYoungGen      total 2560K, used 2080K [0x00000000eab00000, 0x00000000eaf00000, 0x0000000100000000)
  eden space 2048K, 100% used [0x00000000eab00000,0x00000000ead00000,0x00000000ead00000)
  from space 512K, 6% used [0x00000000eae80000,0x00000000eae88000,0x00000000eaf00000)
  to   space 512K, 0% used [0x00000000eae00000,0x00000000eae00000,0x00000000eae80000)
 ParOldGen       total 111104K, used 90917K [0x00000000c0000000, 0x00000000c6c80000, 0x00000000eab00000)
  object space 111104K, 81% used [0x00000000c0000000,0x00000000c58c9520,0x00000000c6c80000)
 Metaspace       used 96743K, committed 98112K, reserved 1179648K
  class space    used 9801K, committed 10432K, reserved 1048576K
}
Event: 94659.725 GC heap after
{Heap after GC invocations=4346 (full 92):
 PSYoungGen      total 2560K, used 32K [0x00000000eab00000, 0x00000000eaf00000, 0x0000000100000000)
  eden space 2048K, 0% used [0x00000000eab00000,0x00000000eab00000,0x00000000ead00000)
  from space 512K, 6% used [0x00000000eae00000,0x00000000eae08000,0x00000000eae80000)
  to   space 512K, 0% used [0x00000000eae80000,0x00000000eae80000,0x00000000eaf00000)
 ParOldGen       total 111104K, used 90917K [0x00000000c0000000, 0x00000000c6c80000, 0x00000000eab00000)
  object space 111104K, 81% used [0x00000000c0000000,0x00000000c58c9520,0x00000000c6c80000)
 Metaspace       used 96743K, committed 98112K, reserved 1179648K
  class space    used 9801K, committed 10432K, reserved 1048576K
}
Event: 94659.732 GC heap before
{Heap before GC invocations=4347 (full 92):
 PSYoungGen      total 2560K, used 2080K [0x00000000eab00000, 0x00000000eaf00000, 0x0000000100000000)
  eden space 2048K, 100% used [0x00000000eab00000,0x00000000ead00000,0x00000000ead00000)
  from space 512K, 6% used [0x00000000eae00000,0x00000000eae08000,0x00000000eae80000)
  to   space 512K, 0% used [0x00000000eae80000,0x00000000eae80000,0x00000000eaf00000)
 ParOldGen       total 111104K, used 90917K [0x00000000c0000000, 0x00000000c6c80000, 0x00000000eab00000)
  object space 111104K, 81% used [0x00000000c0000000,0x00000000c58c9520,0x00000000c6c80000)
 Metaspace       used 96743K, committed 98112K, reserved 1179648K
  class space    used 9801K, committed 10432K, reserved 1048576K
}
Event: 94659.734 GC heap after
{Heap after GC invocations=4347 (full 92):
 PSYoungGen      total 2560K, used 0K [0x00000000eab00000, 0x00000000eaf00000, 0x0000000100000000)
  eden space 2048K, 0% used [0x00000000eab00000,0x00000000eab00000,0x00000000ead00000)
  from space 512K, 0% used [0x00000000eae80000,0x00000000eae80000,0x00000000eaf00000)
  to   space 512K, 0% used [0x00000000eae00000,0x00000000eae00000,0x00000000eae80000)
 ParOldGen       total 111104K, used 90917K [0x00000000c0000000, 0x00000000c6c80000, 0x00000000eab00000)
  object space 111104K, 81% used [0x00000000c0000000,0x00000000c58c9520,0x00000000c6c80000)
 Metaspace       used 96743K, committed 98112K, reserved 1179648K
  class space    used 9801K, committed 10432K, reserved 1048576K
}
Event: 94679.568 GC heap before
{Heap before GC invocations=4348 (full 92):
 PSYoungGen      total 2560K, used 2047K [0x00000000eab00000, 0x00000000eaf00000, 0x0000000100000000)
  eden space 2048K, 99% used [0x00000000eab00000,0x00000000eacffff8,0x00000000ead00000)
  from space 512K, 0% used [0x00000000eae80000,0x00000000eae80000,0x00000000eaf00000)
  to   space 512K, 0% used [0x00000000eae00000,0x00000000eae00000,0x00000000eae80000)
 ParOldGen       total 111104K, used 90917K [0x00000000c0000000, 0x00000000c6c80000, 0x00000000eab00000)
  object space 111104K, 81% used [0x00000000c0000000,0x00000000c58c9520,0x00000000c6c80000)
 Metaspace       used 96750K, committed 98112K, reserved 1179648K
  class space    used 9803K, committed 10432K, reserved 1048576K
}
Event: 94679.570 GC heap after
{Heap after GC invocations=4348 (full 92):
 PSYoungGen      total 2560K, used 128K [0x00000000eab00000, 0x00000000eaf00000, 0x0000000100000000)
  eden space 2048K, 0% used [0x00000000eab00000,0x00000000eab00000,0x00000000ead00000)
  from space 512K, 25% used [0x00000000eae00000,0x00000000eae20000,0x00000000eae80000)
  to   space 512K, 0% used [0x00000000eae80000,0x00000000eae80000,0x00000000eaf00000)
 ParOldGen       total 111104K, used 90917K [0x00000000c0000000, 0x00000000c6c80000, 0x00000000eab00000)
  object space 111104K, 81% used [0x00000000c0000000,0x00000000c58c9520,0x00000000c6c80000)
 Metaspace       used 96750K, committed 98112K, reserved 1179648K
  class space    used 9803K, committed 10432K, reserved 1048576K
}
Event: 94680.384 GC heap before
{Heap before GC invocations=4349 (full 92):
 PSYoungGen      total 2560K, used 2175K [0x00000000eab00000, 0x00000000eaf00000, 0x0000000100000000)
  eden space 2048K, 99% used [0x00000000eab00000,0x00000000eacffe10,0x00000000ead00000)
  from space 512K, 25% used [0x00000000eae00000,0x00000000eae20000,0x00000000eae80000)
  to   space 512K, 0% used [0x00000000eae80000,0x00000000eae80000,0x00000000eaf00000)
 ParOldGen       total 111104K, used 90917K [0x00000000c0000000, 0x00000000c6c80000, 0x00000000eab00000)
  object space 111104K, 81% used [0x00000000c0000000,0x00000000c58c9520,0x00000000c6c80000)
 Metaspace       used 96895K, committed 98240K, reserved 1179648K
  class space    used 9827K, committed 10432K, reserved 1048576K
}
Event: 94680.385 GC heap after
{Heap after GC invocations=4349 (full 92):
 PSYoungGen      total 2560K, used 160K [0x00000000eab00000, 0x00000000eaf00000, 0x0000000100000000)
  eden space 2048K, 0% used [0x00000000eab00000,0x00000000eab00000,0x00000000ead00000)
  from space 512K, 31% used [0x00000000eae80000,0x00000000eaea8000,0x00000000eaf00000)
  to   space 512K, 0% used [0x00000000eae00000,0x00000000eae00000,0x00000000eae80000)
 ParOldGen       total 111104K, used 90949K [0x00000000c0000000, 0x00000000c6c80000, 0x00000000eab00000)
  object space 111104K, 81% used [0x00000000c0000000,0x00000000c58d1520,0x00000000c6c80000)
 Metaspace       used 96895K, committed 98240K, reserved 1179648K
  class space    used 9827K, committed 10432K, reserved 1048576K
}
Event: 94680.472 GC heap before
{Heap before GC invocations=4350 (full 92):
 PSYoungGen      total 2560K, used 2208K [0x00000000eab00000, 0x00000000eaf00000, 0x0000000100000000)
  eden space 2048K, 100% used [0x00000000eab00000,0x00000000ead00000,0x00000000ead00000)
  from space 512K, 31% used [0x00000000eae80000,0x00000000eaea8000,0x00000000eaf00000)
  to   space 512K, 0% used [0x00000000eae00000,0x00000000eae00000,0x00000000eae80000)
 ParOldGen       total 111104K, used 90949K [0x00000000c0000000, 0x00000000c6c80000, 0x00000000eab00000)
  object space 111104K, 81% used [0x00000000c0000000,0x00000000c58d1520,0x00000000c6c80000)
 Metaspace       used 96980K, committed 98304K, reserved 1179648K
  class space    used 9839K, committed 10432K, reserved 1048576K
}
Event: 94680.474 GC heap after
{Heap after GC invocations=4350 (full 92):
 PSYoungGen      total 2560K, used 480K [0x00000000eab00000, 0x00000000eaf00000, 0x0000000100000000)
  eden space 2048K, 0% used [0x00000000eab00000,0x00000000eab00000,0x00000000ead00000)
  from space 512K, 93% used [0x00000000eae00000,0x00000000eae78000,0x00000000eae80000)
  to   space 512K, 0% used [0x00000000eae80000,0x00000000eae80000,0x00000000eaf00000)
 ParOldGen       total 111104K, used 91053K [0x00000000c0000000, 0x00000000c6c80000, 0x00000000eab00000)
  object space 111104K, 81% used [0x00000000c0000000,0x00000000c58eb540,0x00000000c6c80000)
 Metaspace       used 96980K, committed 98304K, reserved 1179648K
  class space    used 9839K, committed 10432K, reserved 1048576K
}

